# JRE version: OpenJDK Runtime Environment (8.0_242-b01) (build 1.8.0_242-release-1644-b01)
# Java VM: OpenJDK 64-Bit Server VM (25.242-b01 mixed mode windows-amd64 compressed oops)
Heap:
 PSYoungGen      total 515584K, used 417319K [0x00000000d5580000, 0x0000000100000000, 0x0000000100000000)
  eden space 390144K, 74% used [0x00000000d5580000,0x00000000e728b950,0x00000000ed280000)
  from space 125440K, 99% used [0x00000000ed280000,0x00000000f4cfe680,0x00000000f4d00000)
  to   space 153600K, 0% used [0x00000000f6a00000,0x00000000f6a00000,0x0000000100000000)
 ParOldGen       total 280576K, used 222907K [0x0000000080000000, 0x0000000091200000, 0x00000000d5580000)
  object space 280576K, 79% used [0x0000000080000000,0x000000008d9aed48,0x0000000091200000)
 Metaspace       used 121402K, capacity 126962K, committed 127128K, reserved 1161216K
  class space    used 15253K, capacity 16277K, committed 16304K, reserved 1048576K
GC Heap History (10 events):
Event: 157.067 GC heap before
{Heap before GC invocations=28 (full 5):
 PSYoungGen      total 410624K, used 387305K [0x00000000d5580000, 0x00000000f4d00000, 0x0000000100000000)
  eden space 320000K, 100% used [0x00000000d5580000,0x00000000e8e00000,0x00000000e8e00000)
  from space 90624K, 74% used [0x00000000eed00000,0x00000000f2eba5f8,0x00000000f4580000)
  to   space 97280K, 0% used [0x00000000e8e00000,0x00000000e8e00000,0x00000000eed00000)
 ParOldGen       total 280576K, used 150129K [0x0000000080000000, 0x0000000091200000, 0x00000000d5580000)
  object space 280576K, 53% used [0x0000000080000000,0x000000008929c750,0x0000000091200000)
 Metaspace       used 113395K, capacity 118592K, committed 118936K, reserved 1153024K
  class space    used 14453K, capacity 15418K, committed 15536K, reserved 1048576K
Event: 157.308 GC heap after
Heap after GC invocations=28 (full 5):
 PSYoungGen      total 417280K, used 97272K [0x00000000d5580000, 0x00000000fb900000, 0x0000000100000000)
  eden space 320000K, 0% used [0x00000000d5580000,0x00000000d5580000,0x00000000e8e00000)
  from space 97280K, 99% used [0x00000000e8e00000,0x00000000eecfe350,0x00000000eed00000)
  to   space 132096K, 0% used [0x00000000f3800000,0x00000000f3800000,0x00000000fb900000)
 ParOldGen       total 280576K, used 199917K [0x0000000080000000, 0x0000000091200000, 0x00000000d5580000)
  object space 280576K, 71% used [0x0000000080000000,0x000000008c33b520,0x0000000091200000)
 Metaspace       used 113395K, capacity 118592K, committed 118936K, reserved 1153024K
  class space    used 14453K, capacity 15418K, committed 15536K, reserved 1048576K
}
Event: 159.554 GC heap before
{Heap before GC invocations=29 (full 5):
 PSYoungGen      total 417280K, used 417272K [0x00000000d5580000, 0x00000000fb900000, 0x0000000100000000)
  eden space 320000K, 100% used [0x00000000d5580000,0x00000000e8e00000,0x00000000e8e00000)
  from space 97280K, 99% used [0x00000000e8e00000,0x00000000eecfe350,0x00000000eed00000)
  to   space 132096K, 0% used [0x00000000f3800000,0x00000000f3800000,0x00000000fb900000)
 ParOldGen       total 280576K, used 199917K [0x0000000080000000, 0x0000000091200000, 0x00000000d5580000)
  object space 280576K, 71% used [0x0000000080000000,0x000000008c33b520,0x0000000091200000)
 Metaspace       used 113538K, capacity 118620K, committed 118936K, reserved 1153024K
  class space    used 14460K, capacity 15424K, committed 15536K, reserved 1048576K
Event: 159.679 GC heap after
Heap after GC invocations=29 (full 5):
 PSYoungGen      total 492032K, used 76191K [0x00000000d5580000, 0x00000000fc500000, 0x0000000100000000)
  eden space 359936K, 0% used [0x00000000d5580000,0x00000000d5580000,0x00000000eb500000)
  from space 132096K, 57% used [0x00000000f3800000,0x00000000f8267e98,0x00000000fb900000)
  to   space 134144K, 0% used [0x00000000eb500000,0x00000000eb500000,0x00000000f3800000)
 ParOldGen       total 280576K, used 199925K [0x0000000080000000, 0x0000000091200000, 0x00000000d5580000)
  object space 280576K, 71% used [0x0000000080000000,0x000000008c33d520,0x0000000091200000)
 Metaspace       used 113538K, capacity 118620K, committed 118936K, reserved 1153024K
  class space    used 14460K, capacity 15424K, committed 15536K, reserved 1048576K
}
Event: 176.609 GC heap before
{Heap before GC invocations=30 (full 5):
 PSYoungGen      total 492032K, used 436127K [0x00000000d5580000, 0x00000000fc500000, 0x0000000100000000)
  eden space 359936K, 100% used [0x00000000d5580000,0x00000000eb500000,0x00000000eb500000)
  from space 132096K, 57% used [0x00000000f3800000,0x00000000f8267e98,0x00000000fb900000)
  to   space 134144K, 0% used [0x00000000eb500000,0x00000000eb500000,0x00000000f3800000)
 ParOldGen       total 280576K, used 199925K [0x0000000080000000, 0x0000000091200000, 0x00000000d5580000)
  object space 280576K, 71% used [0x0000000080000000,0x000000008c33d520,0x0000000091200000)
 Metaspace       used 113964K, capacity 119162K, committed 119448K, reserved 1153024K
  class space    used 14476K, capacity 15447K, committed 15536K, reserved 1048576K
Event: 176.685 GC heap after
Heap after GC invocations=30 (full 5):
 PSYoungGen      total 494080K, used 63122K [0x00000000d5580000, 0x00000000fd680000, 0x0000000100000000)
  eden space 359936K, 0% used [0x00000000d5580000,0x00000000d5580000,0x00000000eb500000)
  from space 134144K, 47% used [0x00000000eb500000,0x00000000ef2a48f0,0x00000000f3800000)
  to   space 130048K, 0% used [0x00000000f5780000,0x00000000f5780000,0x00000000fd680000)
 ParOldGen       total 280576K, used 199933K [0x0000000080000000, 0x0000000091200000, 0x00000000d5580000)
  object space 280576K, 71% used [0x0000000080000000,0x000000008c33f520,0x0000000091200000)
 Metaspace       used 113964K, capacity 119162K, committed 119448K, reserved 1153024K
  class space    used 14476K, capacity 15447K, committed 15536K, reserved 1048576K
}
Event: 1363.626 GC heap before
{Heap before GC invocations=31 (full 5):
 PSYoungGen      total 494080K, used 423058K [0x00000000d5580000, 0x00000000fd680000, 0x0000000100000000)
  eden space 359936K, 100% used [0x00000000d5580000,0x00000000eb500000,0x00000000eb500000)
  from space 134144K, 47% used [0x00000000eb500000,0x00000000ef2a48f0,0x00000000f3800000)
  to   space 130048K, 0% used [0x00000000f5780000,0x00000000f5780000,0x00000000fd680000)
 ParOldGen       total 280576K, used 199933K [0x0000000080000000, 0x0000000091200000, 0x00000000d5580000)
  object space 280576K, 71% used [0x0000000080000000,0x000000008c33f520,0x0000000091200000)
 Metaspace       used 114460K, capacity 119814K, committed 119960K, reserved 1153024K
  class space    used 14499K, capacity 15489K, committed 15536K, reserved 1048576K
Event: 1364.656 GC heap after
Heap after GC invocations=31 (full 5):
 PSYoungGen      total 504832K, used 60809K [0x00000000d5580000, 0x00000000fc780000, 0x0000000100000000)
  eden space 390144K, 0% used [0x00000000d5580000,0x00000000d5580000,0x00000000ed280000)
  from space 114688K, 53% used [0x00000000f5780000,0x00000000f92e2798,0x00000000fc780000)
  to   space 125440K, 0% used [0x00000000ed280000,0x00000000ed280000,0x00000000f4d00000)
 ParOldGen       total 280576K, used 199941K [0x0000000080000000, 0x0000000091200000, 0x00000000d5580000)
  object space 280576K, 71% used [0x0000000080000000,0x000000008c341520,0x0000000091200000)
 Metaspace       used 114460K, capacity 119814K, committed 119960K, reserved 1153024K
  class space    used 14499K, capacity 15489K, committed 15536K, reserved 1048576K
}
Event: 1371.997 GC heap before
{Heap before GC invocations=32 (full 5):
 PSYoungGen      total 504832K, used 450859K [0x00000000d5580000, 0x00000000fc780000, 0x0000000100000000)
  eden space 390144K, 99% used [0x00000000d5580000,0x00000000ed268848,0x00000000ed280000)
  from space 114688K, 53% used [0x00000000f5780000,0x00000000f92e2798,0x00000000fc780000)
  to   space 125440K, 0% used [0x00000000ed280000,0x00000000ed280000,0x00000000f4d00000)
 ParOldGen       total 280576K, used 199941K [0x0000000080000000, 0x0000000091200000, 0x00000000d5580000)
  object space 280576K, 71% used [0x0000000080000000,0x000000008c341520,0x0000000091200000)
 Metaspace       used 118843K, capacity 124440K, committed 124568K, reserved 1157120K
  class space    used 15018K, capacity 16042K, committed 16048K, reserved 1048576K
Event: 1372.395 GC heap after
Heap after GC invocations=32 (full 5):
 PSYoungGen      total 515584K, used 125433K [0x00000000d5580000, 0x0000000100000000, 0x0000000100000000)
  eden space 390144K, 0% used [0x00000000d5580000,0x00000000d5580000,0x00000000ed280000)
  from space 125440K, 99% used [0x00000000ed280000,0x00000000f4cfe680,0x00000000f4d00000)
  to   space 153600K, 0% used [0x00000000f6a00000,0x00000000f6a00000,0x0000000100000000)
 ParOldGen       total 280576K, used 222907K [0x0000000080000000, 0x0000000091200000, 0x00000000d5580000)
  object space 280576K, 79% used [0x0000000080000000,0x000000008d9aed48,0x0000000091200000)
 Metaspace       used 118843K, capacity 124440K, committed 124568K, reserved 1157120K
  class space    used 15018K, capacity 16042K, committed 16048K, reserved 1048576K
}

