# JRE version: OpenJDK Runtime Environment (8.0_242-b01) (build 1.8.0_242-release-1644-b01)
# Java VM: OpenJDK 64-Bit Server VM (25.242-b01 mixed mode windows-amd64 compressed oops)
Heap:
 PSYoungGen      total 523264K, used 92284K [0x00000000d5580000, 0x00000000ffd80000, 0x0000000100000000)
  eden space 353792K, 0% used [0x00000000d5580000,0x00000000d5580000,0x00000000eaf00000)
  from space 169472K, 54% used [0x00000000f5480000,0x00000000fae9f190,0x00000000ffa00000)
  to   space 169472K, 0% used [0x00000000eaf00000,0x00000000eaf00000,0x00000000f5480000)
 ParOldGen       total 262656K, used 205262K [0x0000000080000000, 0x0000000090080000, 0x00000000d5580000)
  object space 262656K, 78% used [0x0000000080000000,0x000000008c873858,0x0000000090080000)
 Metaspace       used 187502K, capacity 197072K, committed 197160K, reserved 1222656K
  class space    used 22598K, capacity 24212K, committed 24240K, reserved 1048576K
GC Heap History (10 events):
Event: 9456.863 GC heap after
Heap after GC invocations=56 (full 6):
 PSYoungGen      total 495616K, used 86755K [0x00000000d5580000, 0x00000000ff300000, 0x0000000100000000)
  eden space 318976K, 0% used [0x00000000d5580000,0x00000000d5580000,0x00000000e8d00000)
  from space 176640K, 49% used [0x00000000f4680000,0x00000000f9b38f60,0x00000000ff300000)
  to   space 183296K, 0% used [0x00000000e8d00000,0x00000000e8d00000,0x00000000f4000000)
 ParOldGen       total 262656K, used 204110K [0x0000000080000000, 0x0000000090080000, 0x00000000d5580000)
  object space 262656K, 77% used [0x0000000080000000,0x000000008c753848,0x0000000090080000)
 Metaspace       used 174760K, capacity 182592K, committed 183192K, reserved 1210368K
  class space    used 20993K, capacity 22382K, committed 22448K, reserved 1048576K
}
Event: 9459.016 GC heap before
{Heap before GC invocations=57 (full 6):
 PSYoungGen      total 495616K, used 405731K [0x00000000d5580000, 0x00000000ff300000, 0x0000000100000000)
  eden space 318976K, 100% used [0x00000000d5580000,0x00000000e8d00000,0x00000000e8d00000)
  from space 176640K, 49% used [0x00000000f4680000,0x00000000f9b38f60,0x00000000ff300000)
  to   space 183296K, 0% used [0x00000000e8d00000,0x00000000e8d00000,0x00000000f4000000)
 ParOldGen       total 262656K, used 204110K [0x0000000080000000, 0x0000000090080000, 0x00000000d5580000)
  object space 262656K, 77% used [0x0000000080000000,0x000000008c753848,0x0000000090080000)
 Metaspace       used 178479K, capacity 186332K, committed 186904K, reserved 1214464K
  class space    used 21395K, capacity 22784K, committed 22832K, reserved 1048576K
Event: 9459.302 GC heap after
Heap after GC invocations=57 (full 6):
 PSYoungGen      total 502272K, used 69801K [0x00000000d5580000, 0x00000000ff280000, 0x0000000100000000)
  eden space 318976K, 0% used [0x00000000d5580000,0x00000000d5580000,0x00000000e8d00000)
  from space 183296K, 38% used [0x00000000e8d00000,0x00000000ed12a490,0x00000000f4000000)
  to   space 173056K, 0% used [0x00000000f4980000,0x00000000f4980000,0x00000000ff280000)
 ParOldGen       total 262656K, used 204118K [0x0000000080000000, 0x0000000090080000, 0x00000000d5580000)
  object space 262656K, 77% used [0x0000000080000000,0x000000008c755848,0x0000000090080000)
 Metaspace       used 178479K, capacity 186332K, committed 186904K, reserved 1214464K
  class space    used 21395K, capacity 22784K, committed 22832K, reserved 1048576K
}
Event: 13310.857 GC heap before
{Heap before GC invocations=58 (full 6):
 PSYoungGen      total 502272K, used 388777K [0x00000000d5580000, 0x00000000ff280000, 0x0000000100000000)
  eden space 318976K, 100% used [0x00000000d5580000,0x00000000e8d00000,0x00000000e8d00000)
  from space 183296K, 38% used [0x00000000e8d00000,0x00000000ed12a490,0x00000000f4000000)
  to   space 173056K, 0% used [0x00000000f4980000,0x00000000f4980000,0x00000000ff280000)
 ParOldGen       total 262656K, used 204118K [0x0000000080000000, 0x0000000090080000, 0x00000000d5580000)
  object space 262656K, 77% used [0x0000000080000000,0x000000008c755848,0x0000000090080000)
 Metaspace       used 183236K, capacity 192762K, committed 192920K, reserved 1218560K
  class space    used 22089K, capacity 23679K, committed 23728K, reserved 1048576K
Event: 13311.535 GC heap after
Heap after GC invocations=58 (full 6):
 PSYoungGen      total 513024K, used 21969K [0x00000000d5580000, 0x00000000ff400000, 0x0000000100000000)
  eden space 339968K, 0% used [0x00000000d5580000,0x00000000d5580000,0x00000000ea180000)
  from space 173056K, 12% used [0x00000000f4980000,0x00000000f5ef45b0,0x00000000ff280000)
  to   space 172032K, 0% used [0x00000000ea180000,0x00000000ea180000,0x00000000f4980000)
 ParOldGen       total 262656K, used 205214K [0x0000000080000000, 0x0000000090080000, 0x00000000d5580000)
  object space 262656K, 78% used [0x0000000080000000,0x000000008c867858,0x0000000090080000)
 Metaspace       used 183236K, capacity 192762K, committed 192920K, reserved 1218560K
  class space    used 22089K, capacity 23679K, committed 23728K, reserved 1048576K
}
Event: 13323.397 GC heap before
{Heap before GC invocations=59 (full 6):
 PSYoungGen      total 513024K, used 361934K [0x00000000d5580000, 0x00000000ff400000, 0x0000000100000000)
  eden space 339968K, 99% used [0x00000000d5580000,0x00000000ea17f2a0,0x00000000ea180000)
  from space 173056K, 12% used [0x00000000f4980000,0x00000000f5ef45b0,0x00000000ff280000)
  to   space 172032K, 0% used [0x00000000ea180000,0x00000000ea180000,0x00000000f4980000)
 ParOldGen       total 262656K, used 205214K [0x0000000080000000, 0x0000000090080000, 0x00000000d5580000)
  object space 262656K, 78% used [0x0000000080000000,0x000000008c867858,0x0000000090080000)
 Metaspace       used 183274K, capacity 192770K, committed 192920K, reserved 1218560K
  class space    used 22089K, capacity 23679K, committed 23728K, reserved 1048576K
Event: 13323.486 GC heap after
Heap after GC invocations=59 (full 6):
 PSYoungGen      total 512000K, used 20752K [0x00000000d5580000, 0x00000000ffa00000, 0x0000000100000000)
  eden space 339968K, 0% used [0x00000000d5580000,0x00000000d5580000,0x00000000ea180000)
  from space 172032K, 12% used [0x00000000ea180000,0x00000000eb5c41d8,0x00000000f4980000)
  to   space 169472K, 0% used [0x00000000f5480000,0x00000000f5480000,0x00000000ffa00000)
 ParOldGen       total 262656K, used 205254K [0x0000000080000000, 0x0000000090080000, 0x00000000d5580000)
  object space 262656K, 78% used [0x0000000080000000,0x000000008c871858,0x0000000090080000)
 Metaspace       used 183274K, capacity 192770K, committed 192920K, reserved 1218560K
  class space    used 22089K, capacity 23679K, committed 23728K, reserved 1048576K
}
Event: 13327.022 GC heap before
{Heap before GC invocations=60 (full 6):
 PSYoungGen      total 512000K, used 290871K [0x00000000d5580000, 0x00000000ffa00000, 0x0000000100000000)
  eden space 339968K, 79% used [0x00000000d5580000,0x00000000e5d49a48,0x00000000ea180000)
  from space 172032K, 12% used [0x00000000ea180000,0x00000000eb5c41d8,0x00000000f4980000)
  to   space 169472K, 0% used [0x00000000f5480000,0x00000000f5480000,0x00000000ffa00000)
 ParOldGen       total 262656K, used 205254K [0x0000000080000000, 0x0000000090080000, 0x00000000d5580000)
  object space 262656K, 78% used [0x0000000080000000,0x000000008c871858,0x0000000090080000)
 Metaspace       used 187502K, capacity 197072K, committed 197160K, reserved 1222656K
  class space    used 22598K, capacity 24212K, committed 24240K, reserved 1048576K
Event: 13327.399 GC heap after
Heap after GC invocations=60 (full 6):
 PSYoungGen      total 523264K, used 92284K [0x00000000d5580000, 0x00000000ffd80000, 0x0000000100000000)
  eden space 353792K, 0% used [0x00000000d5580000,0x00000000d5580000,0x00000000eaf00000)
  from space 169472K, 54% used [0x00000000f5480000,0x00000000fae9f190,0x00000000ffa00000)
  to   space 169472K, 0% used [0x00000000eaf00000,0x00000000eaf00000,0x00000000f5480000)
 ParOldGen       total 262656K, used 205262K [0x0000000080000000, 0x0000000090080000, 0x00000000d5580000)
  object space 262656K, 78% used [0x0000000080000000,0x000000008c873858,0x0000000090080000)
 Metaspace       used 187502K, capacity 197072K, committed 197160K, reserved 1222656K
  class space    used 22598K, capacity 24212K, committed 24240K, reserved 1048576K
}
Event: 13327.399 GC heap before
{Heap before GC invocations=61 (full 7):
 PSYoungGen      total 523264K, used 92284K [0x00000000d5580000, 0x00000000ffd80000, 0x0000000100000000)
  eden space 353792K, 0% used [0x00000000d5580000,0x00000000d5580000,0x00000000eaf00000)
  from space 169472K, 54% used [0x00000000f5480000,0x00000000fae9f190,0x00000000ffa00000)
  to   space 169472K, 0% used [0x00000000eaf00000,0x00000000eaf00000,0x00000000f5480000)
 ParOldGen       total 262656K, used 205262K [0x0000000080000000, 0x0000000090080000, 0x00000000d5580000)
  object space 262656K, 78% used [0x0000000080000000,0x000000008c873858,0x0000000090080000)
 Metaspace       used 187502K, capacity 197072K, committed 197160K, reserved 1222656K
  class space    used 22598K, capacity 24212K, committed 24240K, reserved 1048576K

