# JRE version: OpenJDK Runtime Environment (8.0_242-b01) (build 1.8.0_242-release-1644-b01)
# Java VM: OpenJDK 64-Bit Server VM (25.242-b01 mixed mode windows-amd64 compressed oops)
Heap:
 PSYoungGen      total 348672K, used 27686K [0x00000000d5580000, 0x00000000ed500000, 0x0000000100000000)
  eden space 315392K, 0% used [0x00000000d5580000,0x00000000d5580000,0x00000000e8980000)
  from space 33280K, 83% used [0x00000000ead80000,0x00000000ec889b48,0x00000000ece00000)
  to   space 36864K, 0% used [0x00000000e8980000,0x00000000e8980000,0x00000000ead80000)
 ParOldGen       total 89088K, used 62489K [0x0000000080000000, 0x0000000085700000, 0x00000000d5580000)
  object space 89088K, 70% used [0x0000000080000000,0x0000000083d06580,0x0000000085700000)
 Metaspace       used 93265K, capacity 98160K, committed 98264K, reserved 1134592K
  class space    used 12463K, capacity 13487K, committed 13568K, reserved 1048576K
GC Heap History (10 events):
Event: 12.880 GC heap after
Heap after GC invocations=17 (full 3):
 PSYoungGen      total 261632K, used 16151K [0x00000000d5580000, 0x00000000e7280000, 0x0000000100000000)
  eden space 244736K, 0% used [0x00000000d5580000,0x00000000d5580000,0x00000000e4480000)
  from space 16896K, 95% used [0x00000000e6200000,0x00000000e71c5c88,0x00000000e7280000)
  to   space 23552K, 0% used [0x00000000e4480000,0x00000000e4480000,0x00000000e5b80000)
 ParOldGen       total 89088K, used 34365K [0x0000000080000000, 0x0000000085700000, 0x00000000d5580000)
  object space 89088K, 38% used [0x0000000080000000,0x000000008218f458,0x0000000085700000)
 Metaspace       used 64992K, capacity 67868K, committed 67928K, reserved 1107968K
  class space    used 9001K, capacity 9580K, committed 9600K, reserved 1048576K
}
Event: 16.534 GC heap before
{Heap before GC invocations=18 (full 3):
 PSYoungGen      total 261632K, used 260887K [0x00000000d5580000, 0x00000000e7280000, 0x0000000100000000)
  eden space 244736K, 100% used [0x00000000d5580000,0x00000000e4480000,0x00000000e4480000)
  from space 16896K, 95% used [0x00000000e6200000,0x00000000e71c5c88,0x00000000e7280000)
  to   space 23552K, 0% used [0x00000000e4480000,0x00000000e4480000,0x00000000e5b80000)
 ParOldGen       total 89088K, used 34365K [0x0000000080000000, 0x0000000085700000, 0x00000000d5580000)
  object space 89088K, 38% used [0x0000000080000000,0x000000008218f458,0x0000000085700000)
 Metaspace       used 72262K, capacity 75848K, committed 75992K, reserved 1114112K
  class space    used 9938K, capacity 10638K, committed 10752K, reserved 1048576K
Event: 16.566 GC heap after
Heap after GC invocations=18 (full 3):
 PSYoungGen      total 268288K, used 23527K [0x00000000d5580000, 0x00000000eb400000, 0x0000000100000000)
  eden space 244736K, 0% used [0x00000000d5580000,0x00000000d5580000,0x00000000e4480000)
  from space 23552K, 99% used [0x00000000e4480000,0x00000000e5b79cd0,0x00000000e5b80000)
  to   space 29696K, 0% used [0x00000000e9700000,0x00000000e9700000,0x00000000eb400000)
 ParOldGen       total 89088K, used 39826K [0x0000000080000000, 0x0000000085700000, 0x00000000d5580000)
  object space 89088K, 44% used [0x0000000080000000,0x00000000826e49d0,0x0000000085700000)
 Metaspace       used 72262K, capacity 75848K, committed 75992K, reserved 1114112K
  class space    used 9938K, capacity 10638K, committed 10752K, reserved 1048576K
}
Event: 318.988 GC heap before
{Heap before GC invocations=19 (full 3):
 PSYoungGen      total 268288K, used 268263K [0x00000000d5580000, 0x00000000eb400000, 0x0000000100000000)
  eden space 244736K, 100% used [0x00000000d5580000,0x00000000e4480000,0x00000000e4480000)
  from space 23552K, 99% used [0x00000000e4480000,0x00000000e5b79cd0,0x00000000e5b80000)
  to   space 29696K, 0% used [0x00000000e9700000,0x00000000e9700000,0x00000000eb400000)
 ParOldGen       total 89088K, used 39826K [0x0000000080000000, 0x0000000085700000, 0x00000000d5580000)
  object space 89088K, 44% used [0x0000000080000000,0x00000000826e49d0,0x0000000085700000)
 Metaspace       used 87123K, capacity 91440K, committed 91480K, reserved 1128448K
  class space    used 11711K, capacity 12634K, committed 12672K, reserved 1048576K
Event: 319.043 GC heap after
Heap after GC invocations=19 (full 3):
 PSYoungGen      total 313856K, used 22180K [0x00000000d5580000, 0x00000000eae80000, 0x0000000100000000)
  eden space 289792K, 0% used [0x00000000d5580000,0x00000000d5580000,0x00000000e7080000)
  from space 24064K, 92% used [0x00000000e9700000,0x00000000eaca92b0,0x00000000eae80000)
  to   space 31744K, 0% used [0x00000000e7080000,0x00000000e7080000,0x00000000e8f80000)
 ParOldGen       total 89088K, used 62473K [0x0000000080000000, 0x0000000085700000, 0x00000000d5580000)
  object space 89088K, 70% used [0x0000000080000000,0x0000000083d02580,0x0000000085700000)
 Metaspace       used 87123K, capacity 91440K, committed 91480K, reserved 1128448K
  class space    used 11711K, capacity 12634K, committed 12672K, reserved 1048576K
}
Event: 1473.808 GC heap before
{Heap before GC invocations=20 (full 3):
 PSYoungGen      total 313856K, used 311972K [0x00000000d5580000, 0x00000000eae80000, 0x0000000100000000)
  eden space 289792K, 100% used [0x00000000d5580000,0x00000000e7080000,0x00000000e7080000)
  from space 24064K, 92% used [0x00000000e9700000,0x00000000eaca92b0,0x00000000eae80000)
  to   space 31744K, 0% used [0x00000000e7080000,0x00000000e7080000,0x00000000e8f80000)
 ParOldGen       total 89088K, used 62473K [0x0000000080000000, 0x0000000085700000, 0x00000000d5580000)
  object space 89088K, 70% used [0x0000000080000000,0x0000000083d02580,0x0000000085700000)
 Metaspace       used 90966K, capacity 95868K, committed 96216K, reserved 1132544K
  class space    used 12178K, capacity 13219K, committed 13312K, reserved 1048576K
Event: 1474.151 GC heap after
Heap after GC invocations=20 (full 3):
 PSYoungGen      total 321536K, used 21446K [0x00000000d5580000, 0x00000000ece00000, 0x0000000100000000)
  eden space 289792K, 0% used [0x00000000d5580000,0x00000000d5580000,0x00000000e7080000)
  from space 31744K, 67% used [0x00000000e7080000,0x00000000e8571b80,0x00000000e8f80000)
  to   space 33280K, 0% used [0x00000000ead80000,0x00000000ead80000,0x00000000ece00000)
 ParOldGen       total 89088K, used 62481K [0x0000000080000000, 0x0000000085700000, 0x00000000d5580000)
  object space 89088K, 70% used [0x0000000080000000,0x0000000083d04580,0x0000000085700000)
 Metaspace       used 90966K, capacity 95868K, committed 96216K, reserved 1132544K
  class space    used 12178K, capacity 13219K, committed 13312K, reserved 1048576K
}
Event: 1477.793 GC heap before
{Heap before GC invocations=21 (full 3):
 PSYoungGen      total 321536K, used 212964K [0x00000000d5580000, 0x00000000ece00000, 0x0000000100000000)
  eden space 289792K, 66% used [0x00000000d5580000,0x00000000e10874d8,0x00000000e7080000)
  from space 31744K, 67% used [0x00000000e7080000,0x00000000e8571b80,0x00000000e8f80000)
  to   space 33280K, 0% used [0x00000000ead80000,0x00000000ead80000,0x00000000ece00000)
 ParOldGen       total 89088K, used 62481K [0x0000000080000000, 0x0000000085700000, 0x00000000d5580000)
  object space 89088K, 70% used [0x0000000080000000,0x0000000083d04580,0x0000000085700000)
 Metaspace       used 93265K, capacity 98160K, committed 98264K, reserved 1134592K
  class space    used 12463K, capacity 13487K, committed 13568K, reserved 1048576K
Event: 1477.845 GC heap after
Heap after GC invocations=21 (full 3):
 PSYoungGen      total 348672K, used 27686K [0x00000000d5580000, 0x00000000ed500000, 0x0000000100000000)
  eden space 315392K, 0% used [0x00000000d5580000,0x00000000d5580000,0x00000000e8980000)
  from space 33280K, 83% used [0x00000000ead80000,0x00000000ec889b48,0x00000000ece00000)
  to   space 36864K, 0% used [0x00000000e8980000,0x00000000e8980000,0x00000000ead80000)
 ParOldGen       total 89088K, used 62489K [0x0000000080000000, 0x0000000085700000, 0x00000000d5580000)
  object space 89088K, 70% used [0x0000000080000000,0x0000000083d06580,0x0000000085700000)
 Metaspace       used 93265K, capacity 98160K, committed 98264K, reserved 1134592K
  class space    used 12463K, capacity 13487K, committed 13568K, reserved 1048576K
}
Event: 1477.845 GC heap before
{Heap before GC invocations=22 (full 4):
 PSYoungGen      total 348672K, used 27686K [0x00000000d5580000, 0x00000000ed500000, 0x0000000100000000)
  eden space 315392K, 0% used [0x00000000d5580000,0x00000000d5580000,0x00000000e8980000)
  from space 33280K, 83% used [0x00000000ead80000,0x00000000ec889b48,0x00000000ece00000)
  to   space 36864K, 0% used [0x00000000e8980000,0x00000000e8980000,0x00000000ead80000)
 ParOldGen       total 89088K, used 62489K [0x0000000080000000, 0x0000000085700000, 0x00000000d5580000)
  object space 89088K, 70% used [0x0000000080000000,0x0000000083d06580,0x0000000085700000)
 Metaspace       used 93265K, capacity 98160K, committed 98264K, reserved 1134592K
  class space    used 12463K, capacity 13487K, committed 13568K, reserved 1048576K

