# JRE version: OpenJDK Runtime Environment (8.0_242-b01) (build 1.8.0_242-release-1644-b01)
# Java VM: OpenJDK 64-Bit Server VM (25.242-b01 mixed mode windows-amd64 compressed oops)
Heap:
 PSYoungGen      total 551936K, used 428701K [0x00000000d5580000, 0x0000000100000000, 0x0000000100000000)
  eden space 400896K, 100% used [0x00000000d5580000,0x00000000edd00000,0x00000000edd00000)
  from space 151040K, 18% used [0x00000000f6c80000,0x00000000f87a7430,0x0000000100000000)
  to   space 146944K, 5% used [0x00000000edd00000,0x00000000ee4fc8c0,0x00000000f6c80000)
 ParOldGen       total 1021952K, used 840393K [0x0000000080000000, 0x00000000be600000, 0x00000000d5580000)
  object space 1021952K, 82% used [0x0000000080000000,0x00000000b34b24c8,0x00000000be600000)
 Metaspace       used 145754K, capacity 153300K, committed 153688K, reserved 1183744K
  class space    used 17919K, capacity 19433K, committed 19584K, reserved 1048576K
GC Heap History (10 events):
Event: 2102.552 GC heap after
Heap after GC invocations=80 (full 9):
 PSYoungGen      total 611328K, used 38180K [0x00000000d5580000, 0x00000000ffc80000, 0x0000000100000000)
  eden space 529920K, 0% used [0x00000000d5580000,0x00000000d5580000,0x00000000f5b00000)
  from space 81408K, 46% used [0x00000000f5b00000,0x00000000f8049268,0x00000000faa80000)
  to   space 78336K, 0% used [0x00000000fb000000,0x00000000fb000000,0x00000000ffc80000)
 ParOldGen       total 461312K, used 324927K [0x0000000080000000, 0x000000009c280000, 0x00000000d5580000)
  object space 461312K, 70% used [0x0000000080000000,0x0000000093d4fe78,0x000000009c280000)
 Metaspace       used 136860K, capacity 144350K, committed 144472K, reserved 1175552K
  class space    used 16987K, capacity 18499K, committed 18560K, reserved 1048576K
}
Event: 2104.951 GC heap before
{Heap before GC invocations=81 (full 9):
 PSYoungGen      total 611328K, used 568100K [0x00000000d5580000, 0x00000000ffc80000, 0x0000000100000000)
  eden space 529920K, 100% used [0x00000000d5580000,0x00000000f5b00000,0x00000000f5b00000)
  from space 81408K, 46% used [0x00000000f5b00000,0x00000000f8049268,0x00000000faa80000)
  to   space 78336K, 0% used [0x00000000fb000000,0x00000000fb000000,0x00000000ffc80000)
 ParOldGen       total 461312K, used 324927K [0x0000000080000000, 0x000000009c280000, 0x00000000d5580000)
  object space 461312K, 70% used [0x0000000080000000,0x0000000093d4fe78,0x000000009c280000)
 Metaspace       used 137425K, capacity 144998K, committed 145240K, reserved 1175552K
  class space    used 17023K, capacity 18541K, committed 18560K, reserved 1048576K
Event: 2105.806 GC heap after
Heap after GC invocations=81 (full 9):
 PSYoungGen      total 507904K, used 78329K [0x00000000d5580000, 0x0000000100000000, 0x0000000100000000)
  eden space 429568K, 0% used [0x00000000d5580000,0x00000000d5580000,0x00000000ef900000)
  from space 78336K, 99% used [0x00000000fb000000,0x00000000ffc7e408,0x00000000ffc80000)
  to   space 134656K, 0% used [0x00000000ef900000,0x00000000ef900000,0x00000000f7c80000)
 ParOldGen       total 461312K, used 443672K [0x0000000080000000, 0x000000009c280000, 0x00000000d5580000)
  object space 461312K, 96% used [0x0000000080000000,0x000000009b146000,0x000000009c280000)
 Metaspace       used 137425K, capacity 144998K, committed 145240K, reserved 1175552K
  class space    used 17023K, capacity 18541K, committed 18560K, reserved 1048576K
}
Event: 2105.806 GC heap before
{Heap before GC invocations=82 (full 10):
 PSYoungGen      total 507904K, used 78329K [0x00000000d5580000, 0x0000000100000000, 0x0000000100000000)
  eden space 429568K, 0% used [0x00000000d5580000,0x00000000d5580000,0x00000000ef900000)
  from space 78336K, 99% used [0x00000000fb000000,0x00000000ffc7e408,0x00000000ffc80000)
  to   space 134656K, 0% used [0x00000000ef900000,0x00000000ef900000,0x00000000f7c80000)
 ParOldGen       total 461312K, used 443672K [0x0000000080000000, 0x000000009c280000, 0x00000000d5580000)
  object space 461312K, 96% used [0x0000000080000000,0x000000009b146000,0x000000009c280000)
 Metaspace       used 137425K, capacity 144998K, committed 145240K, reserved 1175552K
  class space    used 17023K, capacity 18541K, committed 18560K, reserved 1048576K
Event: 2111.119 GC heap after
Heap after GC invocations=82 (full 10):
 PSYoungGen      total 507904K, used 0K [0x00000000d5580000, 0x0000000100000000, 0x0000000100000000)
  eden space 429568K, 0% used [0x00000000d5580000,0x00000000d5580000,0x00000000ef900000)
  from space 78336K, 0% used [0x00000000fb000000,0x00000000fb000000,0x00000000ffc80000)
  to   space 134656K, 0% used [0x00000000ef900000,0x00000000ef900000,0x00000000f7c80000)
 ParOldGen       total 479232K, used 272444K [0x0000000080000000, 0x000000009d400000, 0x00000000d5580000)
  object space 479232K, 56% used [0x0000000080000000,0x0000000090a0f1c0,0x000000009d400000)
 Metaspace       used 136801K, capacity 143844K, committed 145240K, reserved 1175552K
  class space    used 16886K, capacity 18248K, committed 18560K, reserved 1048576K
}
Event: 2114.843 GC heap before
{Heap before GC invocations=83 (full 10):
 PSYoungGen      total 507904K, used 429568K [0x00000000d5580000, 0x0000000100000000, 0x0000000100000000)
  eden space 429568K, 100% used [0x00000000d5580000,0x00000000ef900000,0x00000000ef900000)
  from space 78336K, 0% used [0x00000000fb000000,0x00000000fb000000,0x00000000ffc80000)
  to   space 134656K, 0% used [0x00000000ef900000,0x00000000ef900000,0x00000000f7c80000)
 ParOldGen       total 479232K, used 272444K [0x0000000080000000, 0x000000009d400000, 0x00000000d5580000)
  object space 479232K, 56% used [0x0000000080000000,0x0000000090a0f1c0,0x000000009d400000)
 Metaspace       used 142536K, capacity 149654K, committed 150488K, reserved 1181696K
  class space    used 17559K, capacity 18939K, committed 19200K, reserved 1048576K
Event: 2115.020 GC heap after
Heap after GC invocations=83 (full 10):
 PSYoungGen      total 547840K, used 117886K [0x00000000d5580000, 0x0000000100000000, 0x0000000100000000)
  eden space 429568K, 0% used [0x00000000d5580000,0x00000000d5580000,0x00000000ef900000)
  from space 118272K, 99% used [0x00000000ef900000,0x00000000f6c1fba8,0x00000000f6c80000)
  to   space 151040K, 0% used [0x00000000f6c80000,0x00000000f6c80000,0x0000000100000000)
 ParOldGen       total 479232K, used 272452K [0x0000000080000000, 0x000000009d400000, 0x00000000d5580000)
  object space 479232K, 56% used [0x0000000080000000,0x0000000090a111c0,0x000000009d400000)
 Metaspace       used 142536K, capacity 149654K, committed 150488K, reserved 1181696K
  class space    used 17559K, capacity 18939K, committed 19200K, reserved 1048576K
}
Event: 2118.722 GC heap before
{Heap before GC invocations=84 (full 10):
 PSYoungGen      total 547840K, used 547454K [0x00000000d5580000, 0x0000000100000000, 0x0000000100000000)
  eden space 429568K, 100% used [0x00000000d5580000,0x00000000ef900000,0x00000000ef900000)
  from space 118272K, 99% used [0x00000000ef900000,0x00000000f6c1fba8,0x00000000f6c80000)
  to   space 151040K, 0% used [0x00000000f6c80000,0x00000000f6c80000,0x0000000100000000)
 ParOldGen       total 479232K, used 272452K [0x0000000080000000, 0x000000009d400000, 0x00000000d5580000)
  object space 479232K, 56% used [0x0000000080000000,0x0000000090a111c0,0x000000009d400000)
 Metaspace       used 143183K, capacity 150286K, committed 151000K, reserved 1181696K
  class space    used 17589K, capacity 18975K, committed 19200K, reserved 1048576K
Event: 2119.222 GC heap after
Heap after GC invocations=84 (full 10):
 PSYoungGen      total 551936K, used 27805K [0x00000000d5580000, 0x0000000100000000, 0x0000000100000000)
  eden space 400896K, 0% used [0x00000000d5580000,0x00000000d5580000,0x00000000edd00000)
  from space 151040K, 18% used [0x00000000f6c80000,0x00000000f87a7430,0x0000000100000000)
  to   space 146944K, 0% used [0x00000000edd00000,0x00000000edd00000,0x00000000f6c80000)
 ParOldGen       total 479232K, used 285012K [0x0000000080000000, 0x000000009d400000, 0x00000000d5580000)
  object space 479232K, 59% used [0x0000000080000000,0x00000000916550d8,0x000000009d400000)
 Metaspace       used 143183K, capacity 150286K, committed 151000K, reserved 1181696K
  class space    used 17589K, capacity 18975K, committed 19200K, reserved 1048576K
}
Event: 2284.441 GC heap before
{Heap before GC invocations=85 (full 10):
 PSYoungGen      total 551936K, used 428701K [0x00000000d5580000, 0x0000000100000000, 0x0000000100000000)
  eden space 400896K, 100% used [0x00000000d5580000,0x00000000edd00000,0x00000000edd00000)
  from space 151040K, 18% used [0x00000000f6c80000,0x00000000f87a7430,0x0000000100000000)
  to   space 146944K, 0% used [0x00000000edd00000,0x00000000edd00000,0x00000000f6c80000)
 ParOldGen       total 479232K, used 285012K [0x0000000080000000, 0x000000009d400000, 0x00000000d5580000)
  object space 479232K, 59% used [0x0000000080000000,0x00000000916550d8,0x000000009d400000)
 Metaspace       used 145754K, capacity 153300K, committed 153688K, reserved 1183744K
  class space    used 17919K, capacity 19433K, committed 19584K, reserved 1048576K

