# JRE version: OpenJDK Runtime Environment (8.0_242-b01) (build 1.8.0_242-release-1644-b01)
# Java VM: OpenJDK 64-Bit Server VM (25.242-b01 mixed mode windows-amd64 compressed oops)
Heap:
 PSYoungGen      total 483328K, used 330767K [0x00000000d5580000, 0x00000000fe900000, 0x0000000100000000)
  eden space 311808K, 99% used [0x00000000d5580000,0x00000000e84c3da0,0x00000000e8600000)
  from space 171520K, 11% used [0x00000000f4180000,0x00000000f55401b0,0x00000000fe900000)
  to   space 181760K, 0% used [0x00000000e8600000,0x00000000e8600000,0x00000000f3780000)
 ParOldGen       total 491008K, used 305438K [0x0000000080000000, 0x000000009df80000, 0x00000000d5580000)
  object space 491008K, 62% used [0x0000000080000000,0x0000000092a47b00,0x000000009df80000)
 Metaspace       used 114282K, capacity 120050K, committed 120344K, reserved 1155072K
  class space    used 14536K, capacity 15614K, committed 15664K, reserved 1048576K
GC Heap History (10 events):
Event: 1289.619 GC heap before
{Heap before GC invocations=31 (full 7):
 PSYoungGen      total 417280K, used 134143K [0x00000000d5580000, 0x0000000100000000, 0x0000000100000000)
  eden space 283136K, 0% used [0x00000000d5580000,0x00000000d5580000,0x00000000e6a00000)
  from space 134144K, 99% used [0x00000000f7d00000,0x00000000fffffe00,0x0000000100000000)
  to   space 207872K, 0% used [0x00000000e6a00000,0x00000000e6a00000,0x00000000f3500000)
 ParOldGen       total 328704K, used 278168K [0x0000000080000000, 0x0000000094100000, 0x00000000d5580000)
  object space 328704K, 84% used [0x0000000080000000,0x0000000090fa6048,0x0000000094100000)
 Metaspace       used 103705K, capacity 108362K, committed 108568K, reserved 1144832K
  class space    used 13241K, capacity 14121K, committed 14128K, reserved 1048576K
Event: 1291.423 GC heap after
Heap after GC invocations=31 (full 7):
 PSYoungGen      total 417280K, used 0K [0x00000000d5580000, 0x0000000100000000, 0x0000000100000000)
  eden space 283136K, 0% used [0x00000000d5580000,0x00000000d5580000,0x00000000e6a00000)
  from space 134144K, 0% used [0x00000000f7d00000,0x00000000f7d00000,0x0000000100000000)
  to   space 207872K, 0% used [0x00000000e6a00000,0x00000000e6a00000,0x00000000f3500000)
 ParOldGen       total 491008K, used 305406K [0x0000000080000000, 0x000000009df80000, 0x00000000d5580000)
  object space 491008K, 62% used [0x0000000080000000,0x0000000092a3fb00,0x000000009df80000)
 Metaspace       used 103700K, capacity 108344K, committed 108568K, reserved 1144832K
  class space    used 13239K, capacity 14118K, committed 14128K, reserved 1048576K
}
Event: 1292.576 GC heap before
{Heap before GC invocations=32 (full 7):
 PSYoungGen      total 417280K, used 283136K [0x00000000d5580000, 0x0000000100000000, 0x0000000100000000)
  eden space 283136K, 100% used [0x00000000d5580000,0x00000000e6a00000,0x00000000e6a00000)
  from space 134144K, 0% used [0x00000000f7d00000,0x00000000f7d00000,0x0000000100000000)
  to   space 207872K, 0% used [0x00000000e6a00000,0x00000000e6a00000,0x00000000f3500000)
 ParOldGen       total 491008K, used 305406K [0x0000000080000000, 0x000000009df80000, 0x00000000d5580000)
  object space 491008K, 62% used [0x0000000080000000,0x0000000092a3fb00,0x000000009df80000)
 Metaspace       used 103929K, capacity 108686K, committed 108952K, reserved 1144832K
  class space    used 13274K, capacity 14173K, committed 14256K, reserved 1048576K
Event: 1292.635 GC heap after
Heap after GC invocations=32 (full 7):
 PSYoungGen      total 491008K, used 39151K [0x00000000d5580000, 0x0000000100000000, 0x0000000100000000)
  eden space 283136K, 0% used [0x00000000d5580000,0x00000000d5580000,0x00000000e6a00000)
  from space 207872K, 18% used [0x00000000e6a00000,0x00000000e903bdc0,0x00000000f3500000)
  to   space 199680K, 0% used [0x00000000f3d00000,0x00000000f3d00000,0x0000000100000000)
 ParOldGen       total 491008K, used 305414K [0x0000000080000000, 0x000000009df80000, 0x00000000d5580000)
  object space 491008K, 62% used [0x0000000080000000,0x0000000092a41b00,0x000000009df80000)
 Metaspace       used 103929K, capacity 108686K, committed 108952K, reserved 1144832K
  class space    used 13274K, capacity 14173K, committed 14256K, reserved 1048576K
}
Event: 1294.457 GC heap before
{Heap before GC invocations=33 (full 7):
 PSYoungGen      total 491008K, used 322287K [0x00000000d5580000, 0x0000000100000000, 0x0000000100000000)
  eden space 283136K, 100% used [0x00000000d5580000,0x00000000e6a00000,0x00000000e6a00000)
  from space 207872K, 18% used [0x00000000e6a00000,0x00000000e903bdc0,0x00000000f3500000)
  to   space 199680K, 0% used [0x00000000f3d00000,0x00000000f3d00000,0x0000000100000000)
 ParOldGen       total 491008K, used 305414K [0x0000000080000000, 0x000000009df80000, 0x00000000d5580000)
  object space 491008K, 62% used [0x0000000080000000,0x0000000092a41b00,0x000000009df80000)
 Metaspace       used 104189K, capacity 108954K, committed 109208K, reserved 1144832K
  class space    used 13294K, capacity 14189K, committed 14256K, reserved 1048576K
Event: 1294.478 GC heap after
Heap after GC invocations=33 (full 7):
 PSYoungGen      total 476672K, used 10577K [0x00000000d5580000, 0x00000000ff200000, 0x0000000100000000)
  eden space 291328K, 0% used [0x00000000d5580000,0x00000000d5580000,0x00000000e7200000)
  from space 185344K, 5% used [0x00000000f3d00000,0x00000000f4754468,0x00000000ff200000)
  to   space 196608K, 0% used [0x00000000e7200000,0x00000000e7200000,0x00000000f3200000)
 ParOldGen       total 491008K, used 305422K [0x0000000080000000, 0x000000009df80000, 0x00000000d5580000)
  object space 491008K, 62% used [0x0000000080000000,0x0000000092a43b00,0x000000009df80000)
 Metaspace       used 104189K, capacity 108954K, committed 109208K, reserved 1144832K
  class space    used 13294K, capacity 14189K, committed 14256K, reserved 1048576K
}
Event: 1299.013 GC heap before
{Heap before GC invocations=34 (full 7):
 PSYoungGen      total 476672K, used 301138K [0x00000000d5580000, 0x00000000ff200000, 0x0000000100000000)
  eden space 291328K, 99% used [0x00000000d5580000,0x00000000e7140550,0x00000000e7200000)
  from space 185344K, 5% used [0x00000000f3d00000,0x00000000f4754468,0x00000000ff200000)
  to   space 196608K, 0% used [0x00000000e7200000,0x00000000e7200000,0x00000000f3200000)
 ParOldGen       total 491008K, used 305422K [0x0000000080000000, 0x000000009df80000, 0x00000000d5580000)
  object space 491008K, 62% used [0x0000000080000000,0x0000000092a43b00,0x000000009df80000)
 Metaspace       used 105400K, capacity 110296K, committed 110360K, reserved 1144832K
  class space    used 13449K, capacity 14352K, committed 14384K, reserved 1048576K
Event: 1299.033 GC heap after
Heap after GC invocations=34 (full 7):
 PSYoungGen      total 487936K, used 39684K [0x00000000d5580000, 0x00000000ff880000, 0x0000000100000000)
  eden space 291328K, 0% used [0x00000000d5580000,0x00000000d5580000,0x00000000e7200000)
  from space 196608K, 20% used [0x00000000e7200000,0x00000000e98c1140,0x00000000f3200000)
  to   space 187392K, 0% used [0x00000000f4180000,0x00000000f4180000,0x00000000ff880000)
 ParOldGen       total 491008K, used 305430K [0x0000000080000000, 0x000000009df80000, 0x00000000d5580000)
  object space 491008K, 62% used [0x0000000080000000,0x0000000092a45b00,0x000000009df80000)
 Metaspace       used 105400K, capacity 110296K, committed 110360K, reserved 1144832K
  class space    used 13449K, capacity 14352K, committed 14384K, reserved 1048576K
}
Event: 1355.647 GC heap before
{Heap before GC invocations=35 (full 7):
 PSYoungGen      total 487936K, used 331012K [0x00000000d5580000, 0x00000000ff880000, 0x0000000100000000)
  eden space 291328K, 100% used [0x00000000d5580000,0x00000000e7200000,0x00000000e7200000)
  from space 196608K, 20% used [0x00000000e7200000,0x00000000e98c1140,0x00000000f3200000)
  to   space 187392K, 0% used [0x00000000f4180000,0x00000000f4180000,0x00000000ff880000)
 ParOldGen       total 491008K, used 305430K [0x0000000080000000, 0x000000009df80000, 0x00000000d5580000)
  object space 491008K, 62% used [0x0000000080000000,0x0000000092a45b00,0x000000009df80000)
 Metaspace       used 105953K, capacity 111034K, committed 111256K, reserved 1146880K
  class space    used 13497K, capacity 14417K, committed 14512K, reserved 1048576K
Event: 1355.709 GC heap after
Heap after GC invocations=35 (full 7):
 PSYoungGen      total 483328K, used 20224K [0x00000000d5580000, 0x00000000fe900000, 0x0000000100000000)
  eden space 311808K, 0% used [0x00000000d5580000,0x00000000d5580000,0x00000000e8600000)
  from space 171520K, 11% used [0x00000000f4180000,0x00000000f55401b0,0x00000000fe900000)
  to   space 181760K, 0% used [0x00000000e8600000,0x00000000e8600000,0x00000000f3780000)
 ParOldGen       total 491008K, used 305438K [0x0000000080000000, 0x000000009df80000, 0x00000000d5580000)
  object space 491008K, 62% used [0x0000000080000000,0x0000000092a47b00,0x000000009df80000)
 Metaspace       used 105953K, capacity 111034K, committed 111256K, reserved 1146880K
  class space    used 13497K, capacity 14417K, committed 14512K, reserved 1048576K
}

